Unity Editor version:    2021.3.5f1 (40eb3a945986)
Branch:                  2021.3/staging
Build type:              Release
Batch mode:              YES
macOS version:           Version 12.3.1 (Build 21E258)
Darwin version:          21.4.0
Architecture:            x86_64
Running under Rosetta:   NO
Available memory:        32768 MB
Using pre-set license
Pro License: YES

COMMAND LINE ARGUMENTS:
/Applications/Unity/Hub/Editor/2021.3.5f1/Unity.app/Contents/MacOS/Unity
-adb2
-batchMode
-noUpm
-name
AssetImportWorker2
-projectPath
/Users/matteo.petrani/unity/Oculus Quest 2 - boilerplate
-logFile
Logs/AssetImportWorker2.log
-srvPort
54674
Successfully changed project path to: /Users/matteo.petrani/unity/Oculus Quest 2 - boilerplate
/Users/matteo.petrani/unity/Oculus Quest 2 - boilerplate
[UnityMemory] Configuration Parameters - Can be set up in boot.config
    "memorysetup-bucket-allocator-granularity=16"
    "memorysetup-bucket-allocator-bucket-count=8"
    "memorysetup-bucket-allocator-block-size=33554432"
    "memorysetup-bucket-allocator-block-count=8"
    "memorysetup-main-allocator-block-size=16777216"
    "memorysetup-thread-allocator-block-size=16777216"
    "memorysetup-gfx-main-allocator-block-size=16777216"
    "memorysetup-gfx-thread-allocator-block-size=16777216"
    "memorysetup-cache-allocator-block-size=4194304"
    "memorysetup-typetree-allocator-block-size=2097152"
    "memorysetup-profiler-bucket-allocator-granularity=16"
    "memorysetup-profiler-bucket-allocator-bucket-count=8"
    "memorysetup-profiler-bucket-allocator-block-size=33554432"
    "memorysetup-profiler-bucket-allocator-block-count=8"
    "memorysetup-profiler-allocator-block-size=16777216"
    "memorysetup-profiler-editor-allocator-block-size=1048576"
    "memorysetup-temp-allocator-size-main=16777216"
    "memorysetup-job-temp-allocator-block-size=2097152"
    "memorysetup-job-temp-allocator-block-size-background=1048576"
    "memorysetup-job-temp-allocator-reduction-small-platforms=262144"
    "memorysetup-temp-allocator-size-background-worker=32768"
    "memorysetup-temp-allocator-size-job-worker=262144"
    "memorysetup-temp-allocator-size-preload-manager=33554432"
    "memorysetup-temp-allocator-size-nav-mesh-worker=65536"
    "memorysetup-temp-allocator-size-audio-worker=65536"
    "memorysetup-temp-allocator-size-cloud-worker=32768"
    "memorysetup-temp-allocator-size-gi-baking-worker=262144"
    "memorysetup-temp-allocator-size-gfx=262144"
Refreshing native plugins compatible for Editor in 182.26 ms, found 5 plugins.
Preloading 1 native plugins for Editor in 9.66 ms.
Initialize engine version: 2021.3.5f1 (40eb3a945986)
[Subsystems] Discovering subsystems at path /Applications/Unity/Hub/Editor/2021.3.5f1/Unity.app/Contents/Resources/UnitySubsystems
[Subsystems] Discovering subsystems at path /Users/matteo.petrani/unity/Oculus Quest 2 - boilerplate/Assets
GfxDevice: creating device client; threaded=0; jobified=0
Color LCD preferred device: AMD Radeon Pro 5500M (high power)
Metal devices available: 2
0: AMD Radeon Pro 5500M (high power)
1: Intel(R) UHD Graphics 630 (low power)
Using device AMD Radeon Pro 5500M (high power)
Initializing Metal device caps: AMD Radeon Pro 5500M
Shader 'Oculus/OVRMRCameraFrameLit': fallback shader 'Alpha-Diffuse' not found
Initialize mono
Mono path[0] = '/Applications/Unity/Hub/Editor/2021.3.5f1/Unity.app/Contents/Managed'
Mono path[1] = '/Applications/Unity/Hub/Editor/2021.3.5f1/Unity.app/Contents/MonoBleedingEdge/lib/mono/unityjit-macos'
Mono config path = '/Applications/Unity/Hub/Editor/2021.3.5f1/Unity.app/Contents/MonoBleedingEdge/etc'
Using monoOptions --debugger-agent=transport=dt_socket,embedding=1,server=y,suspend=n,address=127.0.0.1:56507
Begin MonoManager ReloadAssembly
Registering precompiled unity dll's ...
Register platform support module: /Applications/Unity/Hub/Editor/2021.3.5f1/PlaybackEngines/WebGLSupport/UnityEditor.WebGL.Extensions.dll
Register platform support module: /Applications/Unity/Hub/Editor/2021.3.5f1/Unity.app/Contents/PlaybackEngines/MacStandaloneSupport/UnityEditor.OSXStandalone.Extensions.dll
Register platform support module: /Applications/Unity/Hub/Editor/2021.3.5f1/PlaybackEngines/AndroidPlayer/UnityEditor.Android.Extensions.dll
Registered in 0.003773 seconds.
Native extension for Android target not found
Native extension for OSXStandalone target not found
Native extension for WebGL target not found
Refreshing native plugins compatible for Editor in 157.75 ms, found 5 plugins.
Preloading 1 native plugins for Editor in 0.84 ms.
Mono: successfully reloaded assembly
- Completed reload, in  1.180 seconds
Domain Reload Profiling:
	ReloadAssembly (1181ms)
		BeginReloadAssembly (193ms)
			ExecutionOrderSort (0ms)
			DisableScriptedObjects (0ms)
			BackupInstance (0ms)
			ReleaseScriptingObjects (0ms)
			CreateAndSetChildDomain (1ms)
		EndReloadAssembly (801ms)
			LoadAssemblies (195ms)
			RebuildTransferFunctionScriptingTraits (0ms)
			SetupTypeCache (203ms)
			ReleaseScriptCaches (0ms)
			RebuildScriptCaches (55ms)
			SetupLoadedEditorAssemblies (468ms)
				LogAssemblyErrors (0ms)
				InitializePlatformSupportModulesInManaged (74ms)
				SetLoadedEditorAssemblies (0ms)
				RefreshPlugins (159ms)
				BeforeProcessingInitializeOnLoad (2ms)
				ProcessInitializeOnLoadAttributes (170ms)
				ProcessInitializeOnLoadMethodAttributes (63ms)
				AfterProcessingInitializeOnLoad (0ms)
				EditorAssembliesLoaded (0ms)
			ExecutionOrderSort2 (0ms)
			AwakeInstancesAfterBackupRestoration (0ms)
Platform modules already initialized, skipping
Registering precompiled user dll's ...
Registered in 0.008410 seconds.
Android Extension - Scanning For ADB Devices 589 ms
Begin MonoManager ReloadAssembly
Symbol file LoadedFromMemory doesn't match image /Users/matteo.petrani/unity/Oculus Quest 2 - boilerplate/Library/PackageCache/com.unity.visualscripting@1.7.8/Editor/VisualScripting.Core/Dependencies/DotNetZip/Unity.VisualScripting.IonicZip.dll
Symbol file LoadedFromMemory doesn't match image /Users/matteo.petrani/unity/Oculus Quest 2 - boilerplate/Library/PackageCache/com.unity.visualscripting@1.7.8/Editor/VisualScripting.Core/Dependencies/YamlDotNet/Unity.VisualScripting.YamlDotNet.dll
Native extension for Android target not found
Native extension for OSXStandalone target not found
Native extension for WebGL target not found
Refreshing native plugins compatible for Editor in 1.37 ms, found 5 plugins.
Preloading 1 native plugins for Editor in 0.68 ms.
Package Manager log level set to [2]
Mono: successfully reloaded assembly
- Completed reload, in  1.601 seconds
Domain Reload Profiling:
	ReloadAssembly (1602ms)
		BeginReloadAssembly (125ms)
			ExecutionOrderSort (0ms)
			DisableScriptedObjects (7ms)
			BackupInstance (0ms)
			ReleaseScriptingObjects (0ms)
			CreateAndSetChildDomain (34ms)
		EndReloadAssembly (1334ms)
			LoadAssemblies (137ms)
			RebuildTransferFunctionScriptingTraits (0ms)
			SetupTypeCache (401ms)
			ReleaseScriptCaches (1ms)
			RebuildScriptCaches (131ms)
			SetupLoadedEditorAssemblies (586ms)
				LogAssemblyErrors (0ms)
				InitializePlatformSupportModulesInManaged (18ms)
				SetLoadedEditorAssemblies (1ms)
				RefreshPlugins (2ms)
				BeforeProcessingInitializeOnLoad (119ms)
				ProcessInitializeOnLoadAttributes (404ms)
				ProcessInitializeOnLoadMethodAttributes (40ms)
				AfterProcessingInitializeOnLoad (1ms)
				EditorAssembliesLoaded (0ms)
			ExecutionOrderSort2 (0ms)
			AwakeInstancesAfterBackupRestoration (5ms)
Platform modules already initialized, skipping
========================================================================
Worker process is ready to serve import requests
Shader 'Oculus/OVRMRCameraFrameLit': fallback shader 'Alpha-Diffuse' not found
Launching external process: /Applications/Unity/Hub/Editor/2021.3.5f1/Unity.app/Contents/Tools/UnityShaderCompiler
Launched and connected shader compiler UnityShaderCompiler after 0.07 seconds
Refreshing native plugins compatible for Editor in 1.19 ms, found 5 plugins.
Preloading 1 native plugins for Editor in 0.60 ms.
Unloading 4869 Unused Serialized files (Serialized files now loaded: 0)
Unloading 59 unused Assets / (210.3 KB). Loaded Objects now: 5304.
Memory consumption went from 302.3 MB to 302.1 MB.
Total: 4.930355 ms (FindLiveObjects: 0.400025 ms CreateObjectMapping: 0.350632 ms MarkObjects: 3.899832 ms  DeleteObjects: 0.278950 ms)

AssetImportParameters requested are different than current active one (requested -> active):
  custom:video-decoder-ogg-theora: a1e56fd34408186e4bbccfd4996cb3dc -> 
  custom:container-muxer-webm: aa71ff27fc2769a1b78a27578f13a17b -> 
  custom:container-demuxer-webm: 4f35f7cbe854078d1ac9338744f61a02 -> 
  custom:video-encoder-webm-vp8: eb34c28f22e8b96e1ab97ce403110664 -> 
  custom:framework-osx-AVFoundation: e770b220cccbd017edd2c1fefb359320 -> 
  custom:audio-encoder-webm-vorbis: bf7c407c2cedff20999df2af8eb42d56 -> 
  custom:container-demuxer-ogg: 62fdf1f143b41e24485cea50d1cbac27 -> 
  custom:video-decoder-webm-vp8: 9c59270c3fd7afecdb556c50c9e8de78 -> 
  custom:audio-decoder-ogg-vorbis: bf7c407c2cedff20999df2af8eb42d56 -> 
========================================================================
Received Import Request.
  Time since last request: 53945.988519 seconds.
  path: Assets/Oculus/Interaction/Samples/Objects/Props/Box/Materials/BoxMat.mat
  artifactKey: Guid(63ceda150b6bfb443902555204d13348) Importer(815301076,1909f56bfc062723c751e8b465ee728b)
Start importing Assets/Oculus/Interaction/Samples/Objects/Props/Box/Materials/BoxMat.mat using Guid(63ceda150b6bfb443902555204d13348) Importer(815301076,1909f56bfc062723c751e8b465ee728b) WARNING: RGBA Compressed ASTC6X6 sRGB format is not supported, decompressing texture
WARNING: RGBA Compressed ASTC6X6 sRGB format is not supported, decompressing texture
 -> (artifact id: 'c4754c19a7e6a845fcd7feacd8e22fd9') in 1.320585 seconds 
========================================================================
Received Import Request.
  Time since last request: 4.710657 seconds.
  path: Assets/Oculus/SampleFramework/Usage/SpatialAnchor/Materials/Clear.mat
  artifactKey: Guid(15d1a592c297987428ced42437287bdd) Importer(815301076,1909f56bfc062723c751e8b465ee728b)
Start importing Assets/Oculus/SampleFramework/Usage/SpatialAnchor/Materials/Clear.mat using Guid(15d1a592c297987428ced42437287bdd) Importer(815301076,1909f56bfc062723c751e8b465ee728b)  -> (artifact id: '204a41286ce3295d262b14468980d61b') in 0.367775 seconds 
========================================================================
Received Import Request.
  Time since last request: 0.291137 seconds.
  path: Assets/Oculus/SampleFramework/Usage/HandsTrainExample/Materials/ControllerBoxButtons.mat
  artifactKey: Guid(b3244fa82a3c4c748a0faa4e84afa36f) Importer(815301076,1909f56bfc062723c751e8b465ee728b)
Start importing Assets/Oculus/SampleFramework/Usage/HandsTrainExample/Materials/ControllerBoxButtons.mat using Guid(b3244fa82a3c4c748a0faa4e84afa36f) Importer(815301076,1909f56bfc062723c751e8b465ee728b) WARNING: RGBA Compressed ASTC6X6 sRGB format is not supported, decompressing texture
WARNING: RGBA Compressed ASTC6X6 UNorm format is not supported, decompressing texture
WARNING: RGBA Compressed ASTC6X6 sRGB format is not supported, decompressing texture
 -> (artifact id: '48a9d55d389d1f10254679bfcc0ff046') in 0.283355 seconds 
========================================================================
Received Import Request.
  Time since last request: 6.741786 seconds.
  path: Assets/Oculus/Interaction/Samples/Objects/Props/Cube/Materials/CubeMaterialWhite.mat
  artifactKey: Guid(00ec3138fe73b8748b19403e06357e71) Importer(815301076,1909f56bfc062723c751e8b465ee728b)
Start importing Assets/Oculus/Interaction/Samples/Objects/Props/Cube/Materials/CubeMaterialWhite.mat using Guid(00ec3138fe73b8748b19403e06357e71) Importer(815301076,1909f56bfc062723c751e8b465ee728b)  -> (artifact id: '5617dd4a5b46fe4190dfc9bcc3f67743') in 0.013211 seconds 
========================================================================
Received Import Request.
  Time since last request: 0.044084 seconds.
  path: Assets/Oculus/SampleFramework/Usage/Locomotion/Materials/DebugDrawLine.mat
  artifactKey: Guid(b4fdc20717507cc48b28ef9db82f0d5f) Importer(815301076,1909f56bfc062723c751e8b465ee728b)
Start importing Assets/Oculus/SampleFramework/Usage/Locomotion/Materials/DebugDrawLine.mat using Guid(b4fdc20717507cc48b28ef9db82f0d5f) Importer(815301076,1909f56bfc062723c751e8b465ee728b)  -> (artifact id: '64df5d50e6757cd35c3ef0311484ed04') in 0.029486 seconds 
========================================================================
Received Import Request.
  Time since last request: 1.015917 seconds.
  path: Assets/Oculus/SampleFramework/Core/HandsInteraction/Materials/DefaultHandMaterial.mat
  artifactKey: Guid(8f92ce6a2e9e04e458f46e6a635b1d62) Importer(815301076,1909f56bfc062723c751e8b465ee728b)
Start importing Assets/Oculus/SampleFramework/Core/HandsInteraction/Materials/DefaultHandMaterial.mat using Guid(8f92ce6a2e9e04e458f46e6a635b1d62) Importer(815301076,1909f56bfc062723c751e8b465ee728b)  -> (artifact id: 'b657b975786881dfdda24deeb4fa3436') in 0.154953 seconds 
========================================================================
Received Import Request.
  Time since last request: 1.750859 seconds.
  path: Assets/Oculus/Interaction/Runtime/Materials/DistanceLine.mat
  artifactKey: Guid(6ca35ef23029a0243b2a3a93082a3c3d) Importer(815301076,1909f56bfc062723c751e8b465ee728b)
Start importing Assets/Oculus/Interaction/Runtime/Materials/DistanceLine.mat using Guid(6ca35ef23029a0243b2a3a93082a3c3d) Importer(815301076,1909f56bfc062723c751e8b465ee728b) Metal: Vertex shader missing buffer binding at index 2 (_ColorBuffer / Custom/PolylineUnlit)
 -> (artifact id: '41bc9685d729f565b08d52d857d98996') in 0.121975 seconds 
========================================================================
Received Import Request.
  Time since last request: 0.869519 seconds.
  path: Assets/Oculus/Interaction/Samples/Objects/Props/Doll/Materials/DollMat.mat
  artifactKey: Guid(b2d9cd483d439ec4aa919e5489cb12b9) Importer(815301076,1909f56bfc062723c751e8b465ee728b)
Start importing Assets/Oculus/Interaction/Samples/Objects/Props/Doll/Materials/DollMat.mat using Guid(b2d9cd483d439ec4aa919e5489cb12b9) Importer(815301076,1909f56bfc062723c751e8b465ee728b) WARNING: RGBA Compressed ASTC6X6 sRGB format is not supported, decompressing texture
 -> (artifact id: '4210ad22ab9d419f0b305b6e73cc3bd7') in 0.027754 seconds 
========================================================================
Received Import Request.
  Time since last request: 0.040145 seconds.
  path: Assets/Oculus/SampleFramework/Usage/Passthrough/Materials/DropShadow.mat
  artifactKey: Guid(453454162b59cff4e85715109e372e86) Importer(815301076,1909f56bfc062723c751e8b465ee728b)
Start importing Assets/Oculus/SampleFramework/Usage/Passthrough/Materials/DropShadow.mat using Guid(453454162b59cff4e85715109e372e86) Importer(815301076,1909f56bfc062723c751e8b465ee728b) WARNING: RGBA Compressed ASTC6X6 sRGB format is not supported, decompressing texture
 -> (artifact id: '25f4a36974c8c64c2a6c22f7651fabae') in 0.072881 seconds 
========================================================================
Received Import Request.
  Time since last request: 1.024671 seconds.
  path: Assets/Oculus/SampleFramework/Usage/SceneManager/Materials/Fabric.mat
  artifactKey: Guid(aae5e920b8e06ca44af918d3f48f4ad5) Importer(815301076,1909f56bfc062723c751e8b465ee728b)
Start importing Assets/Oculus/SampleFramework/Usage/SceneManager/Materials/Fabric.mat using Guid(aae5e920b8e06ca44af918d3f48f4ad5) Importer(815301076,1909f56bfc062723c751e8b465ee728b)  -> (artifact id: '7960af61c23af30e5fa71ee720be165b') in 0.174840 seconds 
========================================================================
Received Import Request.
  Time since last request: 0.000076 seconds.
  path: Assets/Oculus/Interaction/Samples/Objects/Props/Torch/Particles/Materials/FlamePool.mat
  artifactKey: Guid(b16763e78b97b3846b0b387008718b25) Importer(815301076,1909f56bfc062723c751e8b465ee728b)
Start importing Assets/Oculus/Interaction/Samples/Objects/Props/Torch/Particles/Materials/FlamePool.mat using Guid(b16763e78b97b3846b0b387008718b25) Importer(815301076,1909f56bfc062723c751e8b465ee728b) WARNING: RGBA Compressed ASTC6X6 sRGB format is not supported, decompressing texture
 -> (artifact id: '37679d809af6131cbecacb5e8e63374a') in 0.180131 seconds 
========================================================================
Received Import Request.
  Time since last request: 35.910268 seconds.
  path: Assets/Oculus/SampleFramework/Usage/Passthrough/Materials/FlashlightGlow.mat
  artifactKey: Guid(0f3abb54da8820c4891cbee10f6f037e) Importer(815301076,1909f56bfc062723c751e8b465ee728b)
Start importing Assets/Oculus/SampleFramework/Usage/Passthrough/Materials/FlashlightGlow.mat using Guid(0f3abb54da8820c4891cbee10f6f037e) Importer(815301076,1909f56bfc062723c751e8b465ee728b)  -> (artifact id: 'd9f7ff10a872b25bb312e41aecf0b18c') in 0.100508 seconds 
========================================================================
Received Import Request.
  Time since last request: 0.694109 seconds.
  path: Assets/Oculus/SampleFramework/Core/DebugUI/Fonts/Montserrat/Montserrat-MediumItalic.ttf
  artifactKey: Guid(53b4534908f8f324d8ffe0fc5fa5a31f) Importer(815301076,1909f56bfc062723c751e8b465ee728b)
Start importing Assets/Oculus/SampleFramework/Core/DebugUI/Fonts/Montserrat/Montserrat-MediumItalic.ttf using Guid(53b4534908f8f324d8ffe0fc5fa5a31f) Importer(815301076,1909f56bfc062723c751e8b465ee728b)  -> (artifact id: 'f39caebb2c7d3f4f4aca3a8e8c603c70') in 2.042798 seconds 
========================================================================
Received Import Request.
  Time since last request: 0.000093 seconds.
  path: Assets/Oculus/SampleFramework/Core/DebugUI/Fonts/Montserrat/Montserrat-Light.ttf
  artifactKey: Guid(4c90d3c4d98a33647872e06a6f654f9f) Importer(815301076,1909f56bfc062723c751e8b465ee728b)
Start importing Assets/Oculus/SampleFramework/Core/DebugUI/Fonts/Montserrat/Montserrat-Light.ttf using Guid(4c90d3c4d98a33647872e06a6f654f9f) Importer(815301076,1909f56bfc062723c751e8b465ee728b)  -> (artifact id: '01b19fe4c632ef736e2502a693373bf9') in 0.035340 seconds 
========================================================================
Received Import Request.
  Time since last request: 0.759650 seconds.
  path: Assets/Oculus/Interaction/Samples/Objects/Environment/Screen/Materials/FrameMaterial.mat
  artifactKey: Guid(66ad1818cc27f3840b0350726d52fa3d) Importer(815301076,1909f56bfc062723c751e8b465ee728b)
Start importing Assets/Oculus/Interaction/Samples/Objects/Environment/Screen/Materials/FrameMaterial.mat using Guid(66ad1818cc27f3840b0350726d52fa3d) Importer(815301076,1909f56bfc062723c751e8b465ee728b) WARNING: RGBA Compressed ASTC6X6 sRGB format is not supported, decompressing texture
 -> (artifact id: 'f6c674ce3c3a22547d65d064b4ba84b1') in 0.016473 seconds 
========================================================================
Received Import Request.
  Time since last request: 55.029831 seconds.
  path: Assets/Materials
  artifactKey: Guid(28940ddfb064a42f6a1b2f4042ddf9fe) Importer(815301076,1909f56bfc062723c751e8b465ee728b)
Start importing Assets/Materials using Guid(28940ddfb064a42f6a1b2f4042ddf9fe) Importer(815301076,1909f56bfc062723c751e8b465ee728b)  -> (artifact id: '8cdb64275b3c4d44f8e057b04927127a') in 0.001578 seconds 
========================================================================
Received Prepare
Shader 'Oculus/OVRMRCameraFrameLit': fallback shader 'Alpha-Diffuse' not found
Refreshing native plugins compatible for Editor in 17.97 ms, found 5 plugins.
Preloading 1 native plugins for Editor in 0.52 ms.
Unloading 51 Unused Serialized files (Serialized files now loaded: 0)
Unloading 52 unused Assets / (194.5 KB). Loaded Objects now: 5350.
Memory consumption went from 247.6 MB to 247.4 MB.
Total: 6.674010 ms (FindLiveObjects: 0.406660 ms CreateObjectMapping: 0.425275 ms MarkObjects: 5.621267 ms  DeleteObjects: 0.219966 ms)

AssetImportParameters requested are different than current active one (requested -> active):
  custom:video-decoder-ogg-theora: a1e56fd34408186e4bbccfd4996cb3dc -> 
  custom:container-muxer-webm: aa71ff27fc2769a1b78a27578f13a17b -> 
  custom:container-demuxer-webm: 4f35f7cbe854078d1ac9338744f61a02 -> 
  custom:video-encoder-webm-vp8: eb34c28f22e8b96e1ab97ce403110664 -> 
  custom:framework-osx-AVFoundation: e770b220cccbd017edd2c1fefb359320 -> 
  custom:audio-encoder-webm-vorbis: bf7c407c2cedff20999df2af8eb42d56 -> 
  custom:container-demuxer-ogg: 62fdf1f143b41e24485cea50d1cbac27 -> 
  custom:video-decoder-webm-vp8: 9c59270c3fd7afecdb556c50c9e8de78 -> 
  custom:audio-decoder-ogg-vorbis: bf7c407c2cedff20999df2af8eb42d56 -> 
========================================================================
Received Prepare
Shader 'Oculus/OVRMRCameraFrameLit': fallback shader 'Alpha-Diffuse' not found
Refreshing native plugins compatible for Editor in 6.57 ms, found 5 plugins.
Preloading 1 native plugins for Editor in 0.67 ms.
Unloading 51 Unused Serialized files (Serialized files now loaded: 0)
Unloading 51 unused Assets / (187.7 KB). Loaded Objects now: 5350.
Memory consumption went from 247.6 MB to 247.4 MB.
Total: 5.337960 ms (FindLiveObjects: 0.474384 ms CreateObjectMapping: 0.404161 ms MarkObjects: 4.239505 ms  DeleteObjects: 0.218831 ms)

AssetImportParameters requested are different than current active one (requested -> active):
  custom:video-decoder-ogg-theora: a1e56fd34408186e4bbccfd4996cb3dc -> 
  custom:container-muxer-webm: aa71ff27fc2769a1b78a27578f13a17b -> 
  custom:container-demuxer-webm: 4f35f7cbe854078d1ac9338744f61a02 -> 
  custom:video-encoder-webm-vp8: eb34c28f22e8b96e1ab97ce403110664 -> 
  custom:framework-osx-AVFoundation: e770b220cccbd017edd2c1fefb359320 -> 
  custom:audio-encoder-webm-vorbis: bf7c407c2cedff20999df2af8eb42d56 -> 
  custom:container-demuxer-ogg: 62fdf1f143b41e24485cea50d1cbac27 -> 
  custom:video-decoder-webm-vp8: 9c59270c3fd7afecdb556c50c9e8de78 -> 
  custom:audio-decoder-ogg-vorbis: bf7c407c2cedff20999df2af8eb42d56 -> 
========================================================================
Received Prepare
Shader 'Oculus/OVRMRCameraFrameLit': fallback shader 'Alpha-Diffuse' not found
Refreshing native plugins compatible for Editor in 5.81 ms, found 5 plugins.
Preloading 1 native plugins for Editor in 0.50 ms.
Unloading 51 Unused Serialized files (Serialized files now loaded: 0)
Unloading 51 unused Assets / (194.5 KB). Loaded Objects now: 5350.
Memory consumption went from 247.6 MB to 247.4 MB.
Total: 4.867600 ms (FindLiveObjects: 0.390056 ms CreateObjectMapping: 0.345733 ms MarkObjects: 3.945524 ms  DeleteObjects: 0.185508 ms)

AssetImportParameters requested are different than current active one (requested -> active):
  custom:video-decoder-ogg-theora: a1e56fd34408186e4bbccfd4996cb3dc -> 
  custom:container-muxer-webm: aa71ff27fc2769a1b78a27578f13a17b -> 
  custom:container-demuxer-webm: 4f35f7cbe854078d1ac9338744f61a02 -> 
  custom:video-encoder-webm-vp8: eb34c28f22e8b96e1ab97ce403110664 -> 
  custom:framework-osx-AVFoundation: e770b220cccbd017edd2c1fefb359320 -> 
  custom:audio-encoder-webm-vorbis: bf7c407c2cedff20999df2af8eb42d56 -> 
  custom:container-demuxer-ogg: 62fdf1f143b41e24485cea50d1cbac27 -> 
  custom:video-decoder-webm-vp8: 9c59270c3fd7afecdb556c50c9e8de78 -> 
  custom:audio-decoder-ogg-vorbis: bf7c407c2cedff20999df2af8eb42d56 -> 
========================================================================
Received Import Request.
  Time since last request: 1180.622599 seconds.
  path: Assets/Oculus/Interaction/Runtime/Prefabs/VelocityCalculators/ControllerVelocityCalculator.prefab
  artifactKey: Guid(b6e5411f1b2c1fd4ab99a43d2142ea16) Importer(815301076,1909f56bfc062723c751e8b465ee728b)
Start importing Assets/Oculus/Interaction/Runtime/Prefabs/VelocityCalculators/ControllerVelocityCalculator.prefab using Guid(b6e5411f1b2c1fd4ab99a43d2142ea16) Importer(815301076,1909f56bfc062723c751e8b465ee728b)  -> (artifact id: 'c4a496de7a16312fb950a5765700234b') in 0.110277 seconds 
========================================================================
Received Import Request.
  Time since last request: 0.088717 seconds.
  path: Assets/Oculus/Interaction/Runtime/Prefabs/VelocityCalculators/ControllerVelocityCalculator.prefab
  artifactKey: Guid(b6e5411f1b2c1fd4ab99a43d2142ea16) Importer(815301076,1909f56bfc062723c751e8b465ee728b)
Start importing Assets/Oculus/Interaction/Runtime/Prefabs/VelocityCalculators/ControllerVelocityCalculator.prefab using Guid(b6e5411f1b2c1fd4ab99a43d2142ea16) Importer(815301076,1909f56bfc062723c751e8b465ee728b)  -> (artifact id: '91d295c6f90e4f388b0a3ec6426fca9b') in 0.005323 seconds 
========================================================================
Received Prepare
Shader 'Oculus/OVRMRCameraFrameLit': fallback shader 'Alpha-Diffuse' not found
Refreshing native plugins compatible for Editor in 23.50 ms, found 5 plugins.
Preloading 1 native plugins for Editor in 0.63 ms.
Unloading 51 Unused Serialized files (Serialized files now loaded: 0)
Unloading 51 unused Assets / (194.6 KB). Loaded Objects now: 5350.
Memory consumption went from 251.9 MB to 251.7 MB.
Total: 5.184518 ms (FindLiveObjects: 0.479528 ms CreateObjectMapping: 0.386879 ms MarkObjects: 4.032021 ms  DeleteObjects: 0.285353 ms)

AssetImportParameters requested are different than current active one (requested -> active):
  custom:video-decoder-ogg-theora: a1e56fd34408186e4bbccfd4996cb3dc -> 
  custom:container-muxer-webm: aa71ff27fc2769a1b78a27578f13a17b -> 
  custom:container-demuxer-webm: 4f35f7cbe854078d1ac9338744f61a02 -> 
  custom:video-encoder-webm-vp8: eb34c28f22e8b96e1ab97ce403110664 -> 
  custom:framework-osx-AVFoundation: e770b220cccbd017edd2c1fefb359320 -> 
  custom:audio-encoder-webm-vorbis: bf7c407c2cedff20999df2af8eb42d56 -> 
  custom:container-demuxer-ogg: 62fdf1f143b41e24485cea50d1cbac27 -> 
  custom:video-decoder-webm-vp8: 9c59270c3fd7afecdb556c50c9e8de78 -> 
  custom:audio-decoder-ogg-vorbis: bf7c407c2cedff20999df2af8eb42d56 -> 
========================================================================
Received Import Request.
  Time since last request: 1703.298937 seconds.
  path: Assets/Oculus/SampleFramework/Core/Locomotion
  artifactKey: Guid(bdc7d0c9f4c191446a75a992b3c858ac) Importer(815301076,1909f56bfc062723c751e8b465ee728b)
Start importing Assets/Oculus/SampleFramework/Core/Locomotion using Guid(bdc7d0c9f4c191446a75a992b3c858ac) Importer(815301076,1909f56bfc062723c751e8b465ee728b)  -> (artifact id: '7dac7f65f7a10be7fa22514cdcf28477') in 0.001625 seconds 
========================================================================
Received Import Request.
  Time since last request: 0.886833 seconds.
  path: Assets/Oculus/SampleFramework/Usage/Locomotion
  artifactKey: Guid(57fdf0da303dd5c42b3ac21cf2035a8b) Importer(815301076,1909f56bfc062723c751e8b465ee728b)
Start importing Assets/Oculus/SampleFramework/Usage/Locomotion using Guid(57fdf0da303dd5c42b3ac21cf2035a8b) Importer(815301076,1909f56bfc062723c751e8b465ee728b)  -> (artifact id: 'b31f98cc63f841d37a059f8a8652a714') in 0.001049 seconds 
========================================================================
Received Import Request.
  Time since last request: 18.026062 seconds.
  path: Assets/Oculus/SampleFramework/Usage/Locomotion/Prefabs
  artifactKey: Guid(efbaf15b8ae004afab34325596b41c01) Importer(815301076,1909f56bfc062723c751e8b465ee728b)
Start importing Assets/Oculus/SampleFramework/Usage/Locomotion/Prefabs using Guid(efbaf15b8ae004afab34325596b41c01) Importer(815301076,1909f56bfc062723c751e8b465ee728b)  -> (artifact id: '599e1de4c10f06689cc2b36a1de6e2ef') in 0.001858 seconds 
========================================================================
Received Prepare
Shader 'Oculus/OVRMRCameraFrameLit': fallback shader 'Alpha-Diffuse' not found
Refreshing native plugins compatible for Editor in 5.35 ms, found 5 plugins.
Preloading 1 native plugins for Editor in 0.49 ms.
Unloading 51 Unused Serialized files (Serialized files now loaded: 0)
Unloading 51 unused Assets / (194.8 KB). Loaded Objects now: 5350.
Memory consumption went from 251.9 MB to 251.7 MB.
Total: 13.013472 ms (FindLiveObjects: 0.466385 ms CreateObjectMapping: 0.373179 ms MarkObjects: 11.961280 ms  DeleteObjects: 0.211751 ms)

AssetImportParameters requested are different than current active one (requested -> active):
  custom:video-decoder-ogg-theora: a1e56fd34408186e4bbccfd4996cb3dc -> 
  custom:container-muxer-webm: aa71ff27fc2769a1b78a27578f13a17b -> 
  custom:container-demuxer-webm: 4f35f7cbe854078d1ac9338744f61a02 -> 
  custom:video-encoder-webm-vp8: eb34c28f22e8b96e1ab97ce403110664 -> 
  custom:framework-osx-AVFoundation: e770b220cccbd017edd2c1fefb359320 -> 
  custom:audio-encoder-webm-vorbis: bf7c407c2cedff20999df2af8eb42d56 -> 
  custom:container-demuxer-ogg: 62fdf1f143b41e24485cea50d1cbac27 -> 
  custom:video-decoder-webm-vp8: 9c59270c3fd7afecdb556c50c9e8de78 -> 
  custom:audio-decoder-ogg-vorbis: bf7c407c2cedff20999df2af8eb42d56 -> 
========================================================================
Received Prepare
Shader 'Oculus/OVRMRCameraFrameLit': fallback shader 'Alpha-Diffuse' not found
Refreshing native plugins compatible for Editor in 20.52 ms, found 5 plugins.
Preloading 1 native plugins for Editor in 0.49 ms.
Unloading 51 Unused Serialized files (Serialized files now loaded: 0)
Unloading 51 unused Assets / (187.1 KB). Loaded Objects now: 5350.
Memory consumption went from 251.9 MB to 251.7 MB.
Total: 4.069259 ms (FindLiveObjects: 0.381983 ms CreateObjectMapping: 0.343392 ms MarkObjects: 3.183527 ms  DeleteObjects: 0.159673 ms)

AssetImportParameters requested are different than current active one (requested -> active):
  custom:video-decoder-ogg-theora: a1e56fd34408186e4bbccfd4996cb3dc -> 
  custom:container-muxer-webm: aa71ff27fc2769a1b78a27578f13a17b -> 
  custom:container-demuxer-webm: 4f35f7cbe854078d1ac9338744f61a02 -> 
  custom:video-encoder-webm-vp8: eb34c28f22e8b96e1ab97ce403110664 -> 
  custom:framework-osx-AVFoundation: e770b220cccbd017edd2c1fefb359320 -> 
  custom:audio-encoder-webm-vorbis: bf7c407c2cedff20999df2af8eb42d56 -> 
  custom:container-demuxer-ogg: 62fdf1f143b41e24485cea50d1cbac27 -> 
  custom:video-decoder-webm-vp8: 9c59270c3fd7afecdb556c50c9e8de78 -> 
  custom:audio-decoder-ogg-vorbis: bf7c407c2cedff20999df2af8eb42d56 -> 
========================================================================
Received Prepare
Shader 'Oculus/OVRMRCameraFrameLit': fallback shader 'Alpha-Diffuse' not found
Refreshing native plugins compatible for Editor in 17.61 ms, found 5 plugins.
Preloading 1 native plugins for Editor in 0.70 ms.
Unloading 51 Unused Serialized files (Serialized files now loaded: 0)
Unloading 51 unused Assets / (194.6 KB). Loaded Objects now: 5350.
Memory consumption went from 251.9 MB to 251.7 MB.
Total: 6.750745 ms (FindLiveObjects: 0.428231 ms CreateObjectMapping: 0.380297 ms MarkObjects: 5.688962 ms  DeleteObjects: 0.251894 ms)

AssetImportParameters requested are different than current active one (requested -> active):
  custom:video-decoder-ogg-theora: a1e56fd34408186e4bbccfd4996cb3dc -> 
  custom:container-muxer-webm: aa71ff27fc2769a1b78a27578f13a17b -> 
  custom:container-demuxer-webm: 4f35f7cbe854078d1ac9338744f61a02 -> 
  custom:video-encoder-webm-vp8: eb34c28f22e8b96e1ab97ce403110664 -> 
  custom:framework-osx-AVFoundation: e770b220cccbd017edd2c1fefb359320 -> 
  custom:audio-encoder-webm-vorbis: bf7c407c2cedff20999df2af8eb42d56 -> 
  custom:container-demuxer-ogg: 62fdf1f143b41e24485cea50d1cbac27 -> 
  custom:video-decoder-webm-vp8: 9c59270c3fd7afecdb556c50c9e8de78 -> 
  custom:audio-decoder-ogg-vorbis: bf7c407c2cedff20999df2af8eb42d56 -> 
========================================================================
Received Prepare
Shader 'Oculus/OVRMRCameraFrameLit': fallback shader 'Alpha-Diffuse' not found
Refreshing native plugins compatible for Editor in 8.64 ms, found 5 plugins.
Preloading 1 native plugins for Editor in 0.67 ms.
Unloading 51 Unused Serialized files (Serialized files now loaded: 0)
Unloading 51 unused Assets / (194.6 KB). Loaded Objects now: 5350.
Memory consumption went from 251.9 MB to 251.7 MB.
Total: 7.124823 ms (FindLiveObjects: 0.432589 ms CreateObjectMapping: 0.395716 ms MarkObjects: 6.003740 ms  DeleteObjects: 0.291675 ms)

AssetImportParameters requested are different than current active one (requested -> active):
  custom:video-decoder-ogg-theora: a1e56fd34408186e4bbccfd4996cb3dc -> 
  custom:container-muxer-webm: aa71ff27fc2769a1b78a27578f13a17b -> 
  custom:container-demuxer-webm: 4f35f7cbe854078d1ac9338744f61a02 -> 
  custom:video-encoder-webm-vp8: eb34c28f22e8b96e1ab97ce403110664 -> 
  custom:framework-osx-AVFoundation: e770b220cccbd017edd2c1fefb359320 -> 
  custom:audio-encoder-webm-vorbis: bf7c407c2cedff20999df2af8eb42d56 -> 
  custom:container-demuxer-ogg: 62fdf1f143b41e24485cea50d1cbac27 -> 
  custom:video-decoder-webm-vp8: 9c59270c3fd7afecdb556c50c9e8de78 -> 
  custom:audio-decoder-ogg-vorbis: bf7c407c2cedff20999df2af8eb42d56 -> 
========================================================================
Received Prepare
Shader 'Oculus/OVRMRCameraFrameLit': fallback shader 'Alpha-Diffuse' not found
Refreshing native plugins compatible for Editor in 18.50 ms, found 5 plugins.
Preloading 1 native plugins for Editor in 0.65 ms.
Unloading 51 Unused Serialized files (Serialized files now loaded: 0)
Unloading 51 unused Assets / (187.1 KB). Loaded Objects now: 5350.
Memory consumption went from 251.9 MB to 251.7 MB.
Total: 5.242217 ms (FindLiveObjects: 0.470238 ms CreateObjectMapping: 0.442780 ms MarkObjects: 4.155439 ms  DeleteObjects: 0.172934 ms)

AssetImportParameters requested are different than current active one (requested -> active):
  custom:video-decoder-ogg-theora: a1e56fd34408186e4bbccfd4996cb3dc -> 
  custom:container-muxer-webm: aa71ff27fc2769a1b78a27578f13a17b -> 
  custom:container-demuxer-webm: 4f35f7cbe854078d1ac9338744f61a02 -> 
  custom:video-encoder-webm-vp8: eb34c28f22e8b96e1ab97ce403110664 -> 
  custom:framework-osx-AVFoundation: e770b220cccbd017edd2c1fefb359320 -> 
  custom:audio-encoder-webm-vorbis: bf7c407c2cedff20999df2af8eb42d56 -> 
  custom:container-demuxer-ogg: 62fdf1f143b41e24485cea50d1cbac27 -> 
  custom:video-decoder-webm-vp8: 9c59270c3fd7afecdb556c50c9e8de78 -> 
  custom:audio-decoder-ogg-vorbis: bf7c407c2cedff20999df2af8eb42d56 -> 
========================================================================
Received Import Request.
  Time since last request: 1074.443195 seconds.
  path: Assets/Oculus/SampleFramework/Core/Locomotion/Scripts/SimpleCapsuleWithStickMovement.cs
  artifactKey: Guid(847d8b0d968d4a14c89d7508f54c0db7) Importer(815301076,1909f56bfc062723c751e8b465ee728b)
Start importing Assets/Oculus/SampleFramework/Core/Locomotion/Scripts/SimpleCapsuleWithStickMovement.cs using Guid(847d8b0d968d4a14c89d7508f54c0db7) Importer(815301076,1909f56bfc062723c751e8b465ee728b)  -> (artifact id: 'd2ce847131b38f537b2ca47fda91aec7') in 0.233505 seconds 
========================================================================
Received Prepare
Shader 'Oculus/OVRMRCameraFrameLit': fallback shader 'Alpha-Diffuse' not found
Refreshing native plugins compatible for Editor in 21.35 ms, found 5 plugins.
Preloading 1 native plugins for Editor in 0.50 ms.
Unloading 51 Unused Serialized files (Serialized files now loaded: 0)
Unloading 51 unused Assets / (187.3 KB). Loaded Objects now: 5350.
Memory consumption went from 256.0 MB to 255.8 MB.
Total: 3.973940 ms (FindLiveObjects: 0.380150 ms CreateObjectMapping: 0.343041 ms MarkObjects: 3.087662 ms  DeleteObjects: 0.162393 ms)

AssetImportParameters requested are different than current active one (requested -> active):
  custom:video-decoder-ogg-theora: a1e56fd34408186e4bbccfd4996cb3dc -> 
  custom:container-muxer-webm: aa71ff27fc2769a1b78a27578f13a17b -> 
  custom:container-demuxer-webm: 4f35f7cbe854078d1ac9338744f61a02 -> 
  custom:video-encoder-webm-vp8: eb34c28f22e8b96e1ab97ce403110664 -> 
  custom:framework-osx-AVFoundation: e770b220cccbd017edd2c1fefb359320 -> 
  custom:audio-encoder-webm-vorbis: bf7c407c2cedff20999df2af8eb42d56 -> 
  custom:container-demuxer-ogg: 62fdf1f143b41e24485cea50d1cbac27 -> 
  custom:video-decoder-webm-vp8: 9c59270c3fd7afecdb556c50c9e8de78 -> 
  custom:audio-decoder-ogg-vorbis: bf7c407c2cedff20999df2af8eb42d56 -> 
========================================================================
Received Prepare
Shader 'Oculus/OVRMRCameraFrameLit': fallback shader 'Alpha-Diffuse' not found
Refreshing native plugins compatible for Editor in 6.58 ms, found 5 plugins.
Preloading 1 native plugins for Editor in 0.74 ms.
Unloading 51 Unused Serialized files (Serialized files now loaded: 0)
Unloading 51 unused Assets / (194.7 KB). Loaded Objects now: 5350.
Memory consumption went from 256.0 MB to 255.8 MB.
Total: 10.111432 ms (FindLiveObjects: 0.463819 ms CreateObjectMapping: 0.366049 ms MarkObjects: 9.089453 ms  DeleteObjects: 0.190882 ms)

AssetImportParameters requested are different than current active one (requested -> active):
  custom:video-decoder-ogg-theora: a1e56fd34408186e4bbccfd4996cb3dc -> 
  custom:container-muxer-webm: aa71ff27fc2769a1b78a27578f13a17b -> 
  custom:container-demuxer-webm: 4f35f7cbe854078d1ac9338744f61a02 -> 
  custom:video-encoder-webm-vp8: eb34c28f22e8b96e1ab97ce403110664 -> 
  custom:framework-osx-AVFoundation: e770b220cccbd017edd2c1fefb359320 -> 
  custom:audio-encoder-webm-vorbis: bf7c407c2cedff20999df2af8eb42d56 -> 
  custom:container-demuxer-ogg: 62fdf1f143b41e24485cea50d1cbac27 -> 
  custom:video-decoder-webm-vp8: 9c59270c3fd7afecdb556c50c9e8de78 -> 
  custom:audio-decoder-ogg-vorbis: bf7c407c2cedff20999df2af8eb42d56 -> 
========================================================================
Received Import Request.
  Time since last request: 951.858151 seconds.
  path: Assets/Oculus/SampleFramework/Core/Locomotion/TeleportDestination.prefab
  artifactKey: Guid(1b474618c4fc5f54e8a8b803c8352c7d) Importer(815301076,1909f56bfc062723c751e8b465ee728b)
Start importing Assets/Oculus/SampleFramework/Core/Locomotion/TeleportDestination.prefab using Guid(1b474618c4fc5f54e8a8b803c8352c7d) Importer(815301076,1909f56bfc062723c751e8b465ee728b)  -> (artifact id: '28da19d7b43d3c282b2b0e2eaf850aaa') in 0.045983 seconds 
========================================================================
Received Import Request.
  Time since last request: 49.898815 seconds.
  path: Assets/Oculus/SampleFramework/Core/Locomotion/TeleportLaser.prefab
  artifactKey: Guid(95b2b00d2fc56fa4c806f2cda99f5f89) Importer(815301076,1909f56bfc062723c751e8b465ee728b)
Start importing Assets/Oculus/SampleFramework/Core/Locomotion/TeleportLaser.prefab using Guid(95b2b00d2fc56fa4c806f2cda99f5f89) Importer(815301076,1909f56bfc062723c751e8b465ee728b)  -> (artifact id: '29875e6fc41973aa4fc3988c00f9ca5c') in 0.012385 seconds 
========================================================================
Received Import Request.
  Time since last request: 371.640705 seconds.
  path: ProjectSettings/TagManager.asset
  artifactKey: Guid(00000000000000003000000000000000) Importer(815301076,1909f56bfc062723c751e8b465ee728b)
Start importing ProjectSettings/TagManager.asset using Guid(00000000000000003000000000000000) Importer(815301076,1909f56bfc062723c751e8b465ee728b)  -> (artifact id: '5f74b9f0782f3ffe8a654b2b60a9f33c') in 0.111989 seconds 
========================================================================
Received Prepare
Registering precompiled user dll's ...
Registered in 0.003456 seconds.
Begin MonoManager ReloadAssembly
Symbol file LoadedFromMemory doesn't match image /Users/matteo.petrani/unity/Oculus Quest 2 - boilerplate/Library/PackageCache/com.unity.visualscripting@1.7.8/Editor/VisualScripting.Core/Dependencies/DotNetZip/Unity.VisualScripting.IonicZip.dll
Symbol file LoadedFromMemory doesn't match image /Users/matteo.petrani/unity/Oculus Quest 2 - boilerplate/Library/PackageCache/com.unity.visualscripting@1.7.8/Editor/VisualScripting.Core/Dependencies/YamlDotNet/Unity.VisualScripting.YamlDotNet.dll
Native extension for Android target not found
Native extension for OSXStandalone target not found
Native extension for WebGL target not found
Refreshing native plugins compatible for Editor in 1.02 ms, found 5 plugins.
Preloading 1 native plugins for Editor in 0.50 ms.
Mono: successfully reloaded assembly
- Completed reload, in  1.263 seconds
Domain Reload Profiling:
	ReloadAssembly (1264ms)
		BeginReloadAssembly (170ms)
			ExecutionOrderSort (0ms)
			DisableScriptedObjects (5ms)
			BackupInstance (0ms)
			ReleaseScriptingObjects (0ms)
			CreateAndSetChildDomain (78ms)
		EndReloadAssembly (980ms)
			LoadAssemblies (82ms)
			RebuildTransferFunctionScriptingTraits (0ms)
			SetupTypeCache (396ms)
			ReleaseScriptCaches (1ms)
			RebuildScriptCaches (61ms)
			SetupLoadedEditorAssemblies (380ms)
				LogAssemblyErrors (0ms)
				InitializePlatformSupportModulesInManaged (20ms)
				SetLoadedEditorAssemblies (1ms)
				RefreshPlugins (2ms)
				BeforeProcessingInitializeOnLoad (64ms)
				ProcessInitializeOnLoadAttributes (264ms)
				ProcessInitializeOnLoadMethodAttributes (30ms)
				AfterProcessingInitializeOnLoad (1ms)
				EditorAssembliesLoaded (0ms)
			ExecutionOrderSort2 (0ms)
			AwakeInstancesAfterBackupRestoration (4ms)
Platform modules already initialized, skipping
Shader 'Oculus/OVRMRCameraFrameLit': fallback shader 'Alpha-Diffuse' not found
Refreshing native plugins compatible for Editor in 5.63 ms, found 5 plugins.
Preloading 1 native plugins for Editor in 0.49 ms.
Unloading 4776 Unused Serialized files (Serialized files now loaded: 0)
Unloading 52 unused Assets / (194.7 KB). Loaded Objects now: 5353.
Memory consumption went from 353.2 MB to 353.0 MB.
Total: 3.918321 ms (FindLiveObjects: 0.349366 ms CreateObjectMapping: 0.378532 ms MarkObjects: 2.994493 ms  DeleteObjects: 0.195220 ms)

AssetImportParameters requested are different than current active one (requested -> active):
  custom:video-decoder-ogg-theora: a1e56fd34408186e4bbccfd4996cb3dc -> 
  custom:container-muxer-webm: aa71ff27fc2769a1b78a27578f13a17b -> 
  custom:container-demuxer-webm: 4f35f7cbe854078d1ac9338744f61a02 -> 
  custom:video-encoder-webm-vp8: eb34c28f22e8b96e1ab97ce403110664 -> 
  custom:framework-osx-AVFoundation: e770b220cccbd017edd2c1fefb359320 -> 
  custom:audio-encoder-webm-vorbis: bf7c407c2cedff20999df2af8eb42d56 -> 
  custom:container-demuxer-ogg: 62fdf1f143b41e24485cea50d1cbac27 -> 
  custom:video-decoder-webm-vp8: 9c59270c3fd7afecdb556c50c9e8de78 -> 
  custom:audio-decoder-ogg-vorbis: bf7c407c2cedff20999df2af8eb42d56 -> 
========================================================================
Received Prepare
Shader 'Oculus/OVRMRCameraFrameLit': fallback shader 'Alpha-Diffuse' not found
Refreshing native plugins compatible for Editor in 5.95 ms, found 5 plugins.
Preloading 1 native plugins for Editor in 0.53 ms.
Unloading 51 Unused Serialized files (Serialized files now loaded: 0)
Unloading 51 unused Assets / (187.6 KB). Loaded Objects now: 5353.
Memory consumption went from 258.9 MB to 258.7 MB.
Total: 4.095626 ms (FindLiveObjects: 0.377065 ms CreateObjectMapping: 0.329522 ms MarkObjects: 3.168710 ms  DeleteObjects: 0.202509 ms)

AssetImportParameters requested are different than current active one (requested -> active):
  custom:video-decoder-ogg-theora: a1e56fd34408186e4bbccfd4996cb3dc -> 
  custom:container-muxer-webm: aa71ff27fc2769a1b78a27578f13a17b -> 
  custom:container-demuxer-webm: 4f35f7cbe854078d1ac9338744f61a02 -> 
  custom:video-encoder-webm-vp8: eb34c28f22e8b96e1ab97ce403110664 -> 
  custom:framework-osx-AVFoundation: e770b220cccbd017edd2c1fefb359320 -> 
  custom:audio-encoder-webm-vorbis: bf7c407c2cedff20999df2af8eb42d56 -> 
  custom:container-demuxer-ogg: 62fdf1f143b41e24485cea50d1cbac27 -> 
  custom:video-decoder-webm-vp8: 9c59270c3fd7afecdb556c50c9e8de78 -> 
  custom:audio-decoder-ogg-vorbis: bf7c407c2cedff20999df2af8eb42d56 -> 
========================================================================
Received Prepare
Shader 'Oculus/OVRMRCameraFrameLit': fallback shader 'Alpha-Diffuse' not found
Refreshing native plugins compatible for Editor in 20.09 ms, found 5 plugins.
Preloading 1 native plugins for Editor in 0.53 ms.
Unloading 51 Unused Serialized files (Serialized files now loaded: 0)
Unloading 51 unused Assets / (187.1 KB). Loaded Objects now: 5353.
Memory consumption went from 258.8 MB to 258.7 MB.
Total: 6.005190 ms (FindLiveObjects: 0.370305 ms CreateObjectMapping: 0.293948 ms MarkObjects: 5.080649 ms  DeleteObjects: 0.259264 ms)

AssetImportParameters requested are different than current active one (requested -> active):
  custom:video-decoder-ogg-theora: a1e56fd34408186e4bbccfd4996cb3dc -> 
  custom:container-muxer-webm: aa71ff27fc2769a1b78a27578f13a17b -> 
  custom:container-demuxer-webm: 4f35f7cbe854078d1ac9338744f61a02 -> 
  custom:video-encoder-webm-vp8: eb34c28f22e8b96e1ab97ce403110664 -> 
  custom:framework-osx-AVFoundation: e770b220cccbd017edd2c1fefb359320 -> 
  custom:audio-encoder-webm-vorbis: bf7c407c2cedff20999df2af8eb42d56 -> 
  custom:container-demuxer-ogg: 62fdf1f143b41e24485cea50d1cbac27 -> 
  custom:video-decoder-webm-vp8: 9c59270c3fd7afecdb556c50c9e8de78 -> 
  custom:audio-decoder-ogg-vorbis: bf7c407c2cedff20999df2af8eb42d56 -> 
========================================================================
Received Prepare
Shader 'Oculus/OVRMRCameraFrameLit': fallback shader 'Alpha-Diffuse' not found
Refreshing native plugins compatible for Editor in 29.38 ms, found 5 plugins.
Preloading 1 native plugins for Editor in 0.82 ms.
Unloading 51 Unused Serialized files (Serialized files now loaded: 0)
Unloading 51 unused Assets / (187.1 KB). Loaded Objects now: 5353.
Memory consumption went from 258.8 MB to 258.7 MB.
Total: 8.430809 ms (FindLiveObjects: 0.607516 ms CreateObjectMapping: 0.542157 ms MarkObjects: 7.064594 ms  DeleteObjects: 0.215333 ms)

AssetImportParameters requested are different than current active one (requested -> active):
  custom:video-decoder-ogg-theora: a1e56fd34408186e4bbccfd4996cb3dc -> 
  custom:container-muxer-webm: aa71ff27fc2769a1b78a27578f13a17b -> 
  custom:container-demuxer-webm: 4f35f7cbe854078d1ac9338744f61a02 -> 
  custom:video-encoder-webm-vp8: eb34c28f22e8b96e1ab97ce403110664 -> 
  custom:framework-osx-AVFoundation: e770b220cccbd017edd2c1fefb359320 -> 
  custom:audio-encoder-webm-vorbis: bf7c407c2cedff20999df2af8eb42d56 -> 
  custom:container-demuxer-ogg: 62fdf1f143b41e24485cea50d1cbac27 -> 
  custom:video-decoder-webm-vp8: 9c59270c3fd7afecdb556c50c9e8de78 -> 
  custom:audio-decoder-ogg-vorbis: bf7c407c2cedff20999df2af8eb42d56 -> 
========================================================================
Received Import Request.
  Time since last request: 1161.707508 seconds.
  path: Assets/Oculus/SampleFramework/Core/Locomotion/TeleportDestination.prefab
  artifactKey: Guid(1b474618c4fc5f54e8a8b803c8352c7d) Importer(815301076,1909f56bfc062723c751e8b465ee728b)
Start importing Assets/Oculus/SampleFramework/Core/Locomotion/TeleportDestination.prefab using Guid(1b474618c4fc5f54e8a8b803c8352c7d) Importer(815301076,1909f56bfc062723c751e8b465ee728b)  -> (artifact id: '8e469533d5a2412124ae2a81d49f990c') in 0.135410 seconds 
========================================================================
Received Prepare
Shader 'Oculus/OVRMRCameraFrameLit': fallback shader 'Alpha-Diffuse' not found
Refreshing native plugins compatible for Editor in 6.19 ms, found 5 plugins.
Preloading 1 native plugins for Editor in 0.56 ms.
Unloading 51 Unused Serialized files (Serialized files now loaded: 0)
Unloading 51 unused Assets / (187.4 KB). Loaded Objects now: 5354.
Memory consumption went from 259.7 MB to 259.5 MB.
Total: 14.674331 ms (FindLiveObjects: 0.339790 ms CreateObjectMapping: 0.344769 ms MarkObjects: 13.727546 ms  DeleteObjects: 0.261186 ms)

AssetImportParameters requested are different than current active one (requested -> active):
  custom:video-decoder-ogg-theora: a1e56fd34408186e4bbccfd4996cb3dc -> 
  custom:container-muxer-webm: aa71ff27fc2769a1b78a27578f13a17b -> 
  custom:container-demuxer-webm: 4f35f7cbe854078d1ac9338744f61a02 -> 
  custom:video-encoder-webm-vp8: eb34c28f22e8b96e1ab97ce403110664 -> 
  custom:framework-osx-AVFoundation: e770b220cccbd017edd2c1fefb359320 -> 
  custom:audio-encoder-webm-vorbis: bf7c407c2cedff20999df2af8eb42d56 -> 
  custom:container-demuxer-ogg: 62fdf1f143b41e24485cea50d1cbac27 -> 
  custom:video-decoder-webm-vp8: 9c59270c3fd7afecdb556c50c9e8de78 -> 
  custom:audio-decoder-ogg-vorbis: bf7c407c2cedff20999df2af8eb42d56 -> 
========================================================================
Received Prepare
Shader 'Oculus/OVRMRCameraFrameLit': fallback shader 'Alpha-Diffuse' not found
Refreshing native plugins compatible for Editor in 5.95 ms, found 5 plugins.
Preloading 1 native plugins for Editor in 0.56 ms.
Unloading 51 Unused Serialized files (Serialized files now loaded: 0)
Unloading 51 unused Assets / (187.3 KB). Loaded Objects now: 5354.
Memory consumption went from 259.7 MB to 259.5 MB.
Total: 13.061274 ms (FindLiveObjects: 0.343260 ms CreateObjectMapping: 0.329369 ms MarkObjects: 12.176970 ms  DeleteObjects: 0.210780 ms)

AssetImportParameters requested are different than current active one (requested -> active):
  custom:video-decoder-ogg-theora: a1e56fd34408186e4bbccfd4996cb3dc -> 
  custom:container-muxer-webm: aa71ff27fc2769a1b78a27578f13a17b -> 
  custom:container-demuxer-webm: 4f35f7cbe854078d1ac9338744f61a02 -> 
  custom:video-encoder-webm-vp8: eb34c28f22e8b96e1ab97ce403110664 -> 
  custom:framework-osx-AVFoundation: e770b220cccbd017edd2c1fefb359320 -> 
  custom:audio-encoder-webm-vorbis: bf7c407c2cedff20999df2af8eb42d56 -> 
  custom:container-demuxer-ogg: 62fdf1f143b41e24485cea50d1cbac27 -> 
  custom:video-decoder-webm-vp8: 9c59270c3fd7afecdb556c50c9e8de78 -> 
  custom:audio-decoder-ogg-vorbis: bf7c407c2cedff20999df2af8eb42d56 -> 
========================================================================
Received Import Request.
  Time since last request: 208.951630 seconds.
  path: Assets/Oculus/SampleFramework/Core/Locomotion/TeleportDestination.prefab
  artifactKey: Guid(1b474618c4fc5f54e8a8b803c8352c7d) Importer(815301076,1909f56bfc062723c751e8b465ee728b)
Start importing Assets/Oculus/SampleFramework/Core/Locomotion/TeleportDestination.prefab using Guid(1b474618c4fc5f54e8a8b803c8352c7d) Importer(815301076,1909f56bfc062723c751e8b465ee728b)  -> (artifact id: 'ff5055277e68b9291cd2da7192a98935') in 0.029526 seconds 
========================================================================
Received Import Request.
  Time since last request: 14.772306 seconds.
  path: Assets/Oculus/SampleFramework/Core/Locomotion/Scripts/TeleportInputHandler.cs
  artifactKey: Guid(687155c0dd8b55d409e36711e0cc7167) Importer(815301076,1909f56bfc062723c751e8b465ee728b)
Start importing Assets/Oculus/SampleFramework/Core/Locomotion/Scripts/TeleportInputHandler.cs using Guid(687155c0dd8b55d409e36711e0cc7167) Importer(815301076,1909f56bfc062723c751e8b465ee728b)  -> (artifact id: '0f89de781009d17068c6bfedc5d84815') in 0.002383 seconds 
========================================================================
Received Import Request.
  Time since last request: 2.015397 seconds.
  path: Assets/Oculus/SampleFramework/Core/Locomotion/Scripts/TeleportDestination.cs
  artifactKey: Guid(03a7614f10832d041bccff167d2a460f) Importer(815301076,1909f56bfc062723c751e8b465ee728b)
Start importing Assets/Oculus/SampleFramework/Core/Locomotion/Scripts/TeleportDestination.cs using Guid(03a7614f10832d041bccff167d2a460f) Importer(815301076,1909f56bfc062723c751e8b465ee728b)  -> (artifact id: '61780e50f68cfde024e31452645c3399') in 0.001378 seconds 
========================================================================
Received Import Request.
  Time since last request: 0.693246 seconds.
  path: Assets/Oculus/SampleFramework/Core/Locomotion/Scripts/TeleportAimHandlerParabolic.cs
  artifactKey: Guid(f2207d0346672d340874d20d6a45eb69) Importer(815301076,1909f56bfc062723c751e8b465ee728b)
Start importing Assets/Oculus/SampleFramework/Core/Locomotion/Scripts/TeleportAimHandlerParabolic.cs using Guid(f2207d0346672d340874d20d6a45eb69) Importer(815301076,1909f56bfc062723c751e8b465ee728b)  -> (artifact id: '316d58edcd724aa578478f2e39c25d11') in 0.002335 seconds 
========================================================================
Received Import Request.
  Time since last request: 0.898335 seconds.
  path: Assets/Oculus/SampleFramework/Core/Locomotion/Scripts/TeleportOrientationHandler.cs
  artifactKey: Guid(9e582fd1da19d4b4089aca841af87b66) Importer(815301076,1909f56bfc062723c751e8b465ee728b)
Start importing Assets/Oculus/SampleFramework/Core/Locomotion/Scripts/TeleportOrientationHandler.cs using Guid(9e582fd1da19d4b4089aca841af87b66) Importer(815301076,1909f56bfc062723c751e8b465ee728b)  -> (artifact id: '41f98b6dacb91bf1cde01f25ece230be') in 0.002127 seconds 
========================================================================
Received Prepare
Shader 'Oculus/OVRMRCameraFrameLit': fallback shader 'Alpha-Diffuse' not found
Refreshing native plugins compatible for Editor in 5.80 ms, found 5 plugins.
Preloading 1 native plugins for Editor in 0.74 ms.
Unloading 51 Unused Serialized files (Serialized files now loaded: 0)
Unloading 51 unused Assets / (187.4 KB). Loaded Objects now: 5354.
Memory consumption went from 259.9 MB to 259.7 MB.
Total: 11.106501 ms (FindLiveObjects: 0.478645 ms CreateObjectMapping: 0.392165 ms MarkObjects: 9.980133 ms  DeleteObjects: 0.254555 ms)

AssetImportParameters requested are different than current active one (requested -> active):
  custom:video-decoder-ogg-theora: a1e56fd34408186e4bbccfd4996cb3dc -> 
  custom:container-muxer-webm: aa71ff27fc2769a1b78a27578f13a17b -> 
  custom:container-demuxer-webm: 4f35f7cbe854078d1ac9338744f61a02 -> 
  custom:video-encoder-webm-vp8: eb34c28f22e8b96e1ab97ce403110664 -> 
  custom:framework-osx-AVFoundation: e770b220cccbd017edd2c1fefb359320 -> 
  custom:audio-encoder-webm-vorbis: bf7c407c2cedff20999df2af8eb42d56 -> 
  custom:container-demuxer-ogg: 62fdf1f143b41e24485cea50d1cbac27 -> 
  custom:video-decoder-webm-vp8: 9c59270c3fd7afecdb556c50c9e8de78 -> 
  custom:audio-decoder-ogg-vorbis: bf7c407c2cedff20999df2af8eb42d56 -> 
========================================================================
Received Import Request.
  Time since last request: 331.160055 seconds.
  path: Assets/Oculus/SampleFramework/Core/Locomotion/TeleportDestination.prefab
  artifactKey: Guid(1b474618c4fc5f54e8a8b803c8352c7d) Importer(815301076,1909f56bfc062723c751e8b465ee728b)
Start importing Assets/Oculus/SampleFramework/Core/Locomotion/TeleportDestination.prefab using Guid(1b474618c4fc5f54e8a8b803c8352c7d) Importer(815301076,1909f56bfc062723c751e8b465ee728b)  -> (artifact id: 'ef79330a42e7c017304b51bd644810e3') in 0.046751 seconds 
========================================================================
Received Prepare
Shader 'Oculus/OVRMRCameraFrameLit': fallback shader 'Alpha-Diffuse' not found
Refreshing native plugins compatible for Editor in 20.95 ms, found 5 plugins.
Preloading 1 native plugins for Editor in 0.64 ms.
Unloading 51 Unused Serialized files (Serialized files now loaded: 0)
Unloading 51 unused Assets / (187.3 KB). Loaded Objects now: 5354.
Memory consumption went from 259.9 MB to 259.8 MB.
Total: 4.200342 ms (FindLiveObjects: 0.436312 ms CreateObjectMapping: 0.337331 ms MarkObjects: 3.259286 ms  DeleteObjects: 0.166763 ms)

AssetImportParameters requested are different than current active one (requested -> active):
  custom:video-decoder-ogg-theora: a1e56fd34408186e4bbccfd4996cb3dc -> 
  custom:container-muxer-webm: aa71ff27fc2769a1b78a27578f13a17b -> 
  custom:container-demuxer-webm: 4f35f7cbe854078d1ac9338744f61a02 -> 
  custom:video-encoder-webm-vp8: eb34c28f22e8b96e1ab97ce403110664 -> 
  custom:framework-osx-AVFoundation: e770b220cccbd017edd2c1fefb359320 -> 
  custom:audio-encoder-webm-vorbis: bf7c407c2cedff20999df2af8eb42d56 -> 
  custom:container-demuxer-ogg: 62fdf1f143b41e24485cea50d1cbac27 -> 
  custom:video-decoder-webm-vp8: 9c59270c3fd7afecdb556c50c9e8de78 -> 
  custom:audio-decoder-ogg-vorbis: bf7c407c2cedff20999df2af8eb42d56 -> 
========================================================================
Received Prepare
Shader 'Oculus/OVRMRCameraFrameLit': fallback shader 'Alpha-Diffuse' not found
Refreshing native plugins compatible for Editor in 5.81 ms, found 5 plugins.
Preloading 1 native plugins for Editor in 0.60 ms.
Unloading 51 Unused Serialized files (Serialized files now loaded: 0)
Unloading 51 unused Assets / (187.5 KB). Loaded Objects now: 5354.
Memory consumption went from 259.9 MB to 259.8 MB.
Total: 4.480581 ms (FindLiveObjects: 0.378294 ms CreateObjectMapping: 0.303529 ms MarkObjects: 3.596525 ms  DeleteObjects: 0.201571 ms)

AssetImportParameters requested are different than current active one (requested -> active):
  custom:video-decoder-ogg-theora: a1e56fd34408186e4bbccfd4996cb3dc -> 
  custom:container-muxer-webm: aa71ff27fc2769a1b78a27578f13a17b -> 
  custom:container-demuxer-webm: 4f35f7cbe854078d1ac9338744f61a02 -> 
  custom:video-encoder-webm-vp8: eb34c28f22e8b96e1ab97ce403110664 -> 
  custom:framework-osx-AVFoundation: e770b220cccbd017edd2c1fefb359320 -> 
  custom:audio-encoder-webm-vorbis: bf7c407c2cedff20999df2af8eb42d56 -> 
  custom:container-demuxer-ogg: 62fdf1f143b41e24485cea50d1cbac27 -> 
  custom:video-decoder-webm-vp8: 9c59270c3fd7afecdb556c50c9e8de78 -> 
  custom:audio-decoder-ogg-vorbis: bf7c407c2cedff20999df2af8eb42d56 -> 
========================================================================
Received Prepare
Shader 'Oculus/OVRMRCameraFrameLit': fallback shader 'Alpha-Diffuse' not found
Refreshing native plugins compatible for Editor in 5.55 ms, found 5 plugins.
Preloading 1 native plugins for Editor in 0.54 ms.
Unloading 51 Unused Serialized files (Serialized files now loaded: 0)
Unloading 51 unused Assets / (194.6 KB). Loaded Objects now: 5354.
Memory consumption went from 259.9 MB to 259.8 MB.
Total: 12.360693 ms (FindLiveObjects: 0.404745 ms CreateObjectMapping: 0.404805 ms MarkObjects: 11.329497 ms  DeleteObjects: 0.220716 ms)

AssetImportParameters requested are different than current active one (requested -> active):
  custom:video-decoder-ogg-theora: a1e56fd34408186e4bbccfd4996cb3dc -> 
  custom:container-muxer-webm: aa71ff27fc2769a1b78a27578f13a17b -> 
  custom:container-demuxer-webm: 4f35f7cbe854078d1ac9338744f61a02 -> 
  custom:video-encoder-webm-vp8: eb34c28f22e8b96e1ab97ce403110664 -> 
  custom:framework-osx-AVFoundation: e770b220cccbd017edd2c1fefb359320 -> 
  custom:audio-encoder-webm-vorbis: bf7c407c2cedff20999df2af8eb42d56 -> 
  custom:container-demuxer-ogg: 62fdf1f143b41e24485cea50d1cbac27 -> 
  custom:video-decoder-webm-vp8: 9c59270c3fd7afecdb556c50c9e8de78 -> 
  custom:audio-decoder-ogg-vorbis: bf7c407c2cedff20999df2af8eb42d56 -> 
========================================================================
Received Prepare
Shader 'Oculus/OVRMRCameraFrameLit': fallback shader 'Alpha-Diffuse' not found
Refreshing native plugins compatible for Editor in 5.70 ms, found 5 plugins.
Preloading 1 native plugins for Editor in 0.64 ms.
Unloading 51 Unused Serialized files (Serialized files now loaded: 0)
Unloading 51 unused Assets / (187.3 KB). Loaded Objects now: 5354.
Memory consumption went from 259.9 MB to 259.8 MB.
Total: 6.305413 ms (FindLiveObjects: 0.463959 ms CreateObjectMapping: 0.387509 ms MarkObjects: 5.217045 ms  DeleteObjects: 0.236000 ms)

AssetImportParameters requested are different than current active one (requested -> active):
  custom:video-decoder-ogg-theora: a1e56fd34408186e4bbccfd4996cb3dc -> 
  custom:container-muxer-webm: aa71ff27fc2769a1b78a27578f13a17b -> 
  custom:container-demuxer-webm: 4f35f7cbe854078d1ac9338744f61a02 -> 
  custom:video-encoder-webm-vp8: eb34c28f22e8b96e1ab97ce403110664 -> 
  custom:framework-osx-AVFoundation: e770b220cccbd017edd2c1fefb359320 -> 
  custom:audio-encoder-webm-vorbis: bf7c407c2cedff20999df2af8eb42d56 -> 
  custom:container-demuxer-ogg: 62fdf1f143b41e24485cea50d1cbac27 -> 
  custom:video-decoder-webm-vp8: 9c59270c3fd7afecdb556c50c9e8de78 -> 
  custom:audio-decoder-ogg-vorbis: bf7c407c2cedff20999df2af8eb42d56 -> 
========================================================================
Received Prepare
Shader 'Oculus/OVRMRCameraFrameLit': fallback shader 'Alpha-Diffuse' not found
Refreshing native plugins compatible for Editor in 5.74 ms, found 5 plugins.
Preloading 1 native plugins for Editor in 0.64 ms.
Unloading 51 Unused Serialized files (Serialized files now loaded: 0)
Unloading 51 unused Assets / (187.4 KB). Loaded Objects now: 5354.
Memory consumption went from 259.9 MB to 259.8 MB.
Total: 15.312710 ms (FindLiveObjects: 0.410658 ms CreateObjectMapping: 0.363020 ms MarkObjects: 14.255546 ms  DeleteObjects: 0.282322 ms)

AssetImportParameters requested are different than current active one (requested -> active):
  custom:video-decoder-ogg-theora: a1e56fd34408186e4bbccfd4996cb3dc -> 
  custom:container-muxer-webm: aa71ff27fc2769a1b78a27578f13a17b -> 
  custom:container-demuxer-webm: 4f35f7cbe854078d1ac9338744f61a02 -> 
  custom:video-encoder-webm-vp8: eb34c28f22e8b96e1ab97ce403110664 -> 
  custom:framework-osx-AVFoundation: e770b220cccbd017edd2c1fefb359320 -> 
  custom:audio-encoder-webm-vorbis: bf7c407c2cedff20999df2af8eb42d56 -> 
  custom:container-demuxer-ogg: 62fdf1f143b41e24485cea50d1cbac27 -> 
  custom:video-decoder-webm-vp8: 9c59270c3fd7afecdb556c50c9e8de78 -> 
  custom:audio-decoder-ogg-vorbis: bf7c407c2cedff20999df2af8eb42d56 -> 
========================================================================
Received Prepare
Shader 'Oculus/OVRMRCameraFrameLit': fallback shader 'Alpha-Diffuse' not found
Refreshing native plugins compatible for Editor in 5.81 ms, found 5 plugins.
Preloading 1 native plugins for Editor in 0.54 ms.
Unloading 51 Unused Serialized files (Serialized files now loaded: 0)
Unloading 51 unused Assets / (187.9 KB). Loaded Objects now: 5354.
Memory consumption went from 259.9 MB to 259.8 MB.
Total: 15.195050 ms (FindLiveObjects: 0.389839 ms CreateObjectMapping: 0.343415 ms MarkObjects: 14.106473 ms  DeleteObjects: 0.353834 ms)

AssetImportParameters requested are different than current active one (requested -> active):
  custom:video-decoder-ogg-theora: a1e56fd34408186e4bbccfd4996cb3dc -> 
  custom:container-muxer-webm: aa71ff27fc2769a1b78a27578f13a17b -> 
  custom:container-demuxer-webm: 4f35f7cbe854078d1ac9338744f61a02 -> 
  custom:video-encoder-webm-vp8: eb34c28f22e8b96e1ab97ce403110664 -> 
  custom:framework-osx-AVFoundation: e770b220cccbd017edd2c1fefb359320 -> 
  custom:audio-encoder-webm-vorbis: bf7c407c2cedff20999df2af8eb42d56 -> 
  custom:container-demuxer-ogg: 62fdf1f143b41e24485cea50d1cbac27 -> 
  custom:video-decoder-webm-vp8: 9c59270c3fd7afecdb556c50c9e8de78 -> 
  custom:audio-decoder-ogg-vorbis: bf7c407c2cedff20999df2af8eb42d56 -> 
========================================================================
Received Prepare
Shader 'Oculus/OVRMRCameraFrameLit': fallback shader 'Alpha-Diffuse' not found
Refreshing native plugins compatible for Editor in 5.96 ms, found 5 plugins.
Preloading 1 native plugins for Editor in 0.54 ms.
Unloading 51 Unused Serialized files (Serialized files now loaded: 0)
Unloading 51 unused Assets / (194.7 KB). Loaded Objects now: 5354.
Memory consumption went from 260.0 MB to 259.8 MB.
Total: 4.454137 ms (FindLiveObjects: 0.393224 ms CreateObjectMapping: 0.359665 ms MarkObjects: 3.530266 ms  DeleteObjects: 0.170351 ms)

AssetImportParameters requested are different than current active one (requested -> active):
  custom:video-decoder-ogg-theora: a1e56fd34408186e4bbccfd4996cb3dc -> 
  custom:container-muxer-webm: aa71ff27fc2769a1b78a27578f13a17b -> 
  custom:container-demuxer-webm: 4f35f7cbe854078d1ac9338744f61a02 -> 
  custom:video-encoder-webm-vp8: eb34c28f22e8b96e1ab97ce403110664 -> 
  custom:framework-osx-AVFoundation: e770b220cccbd017edd2c1fefb359320 -> 
  custom:audio-encoder-webm-vorbis: bf7c407c2cedff20999df2af8eb42d56 -> 
  custom:container-demuxer-ogg: 62fdf1f143b41e24485cea50d1cbac27 -> 
  custom:video-decoder-webm-vp8: 9c59270c3fd7afecdb556c50c9e8de78 -> 
  custom:audio-decoder-ogg-vorbis: bf7c407c2cedff20999df2af8eb42d56 -> 
========================================================================
Received Import Request.
  Time since last request: 4063.891062 seconds.
  path: Assets/Env
  artifactKey: Guid(260c1cf0f1aa341e98727110722d31ea) Importer(815301076,1909f56bfc062723c751e8b465ee728b)
Start importing Assets/Env using Guid(260c1cf0f1aa341e98727110722d31ea) Importer(815301076,1909f56bfc062723c751e8b465ee728b)  -> (artifact id: '227c98f5cabe1ba7c8f592a41f32b6bd') in 0.002524 seconds 
========================================================================
Received Import Request.
  Time since last request: 16.086917 seconds.
  path: Assets/Env/ShowCooking.blend
  artifactKey: Guid(994b66d0aa377449d97e89597ca6af15) Importer(815301076,1909f56bfc062723c751e8b465ee728b)
Start importing Assets/Env/ShowCooking.blend using Guid(994b66d0aa377449d97e89597ca6af15) Importer(815301076,1909f56bfc062723c751e8b465ee728b)  -> (artifact id: 'ff83a59e0dc5bbb844b85ed89257f452') in 1.856159 seconds 
========================================================================
Received Prepare
Shader 'Oculus/OVRMRCameraFrameLit': fallback shader 'Alpha-Diffuse' not found
Refreshing native plugins compatible for Editor in 17.48 ms, found 5 plugins.
Preloading 1 native plugins for Editor in 0.67 ms.
Unloading 51 Unused Serialized files (Serialized files now loaded: 0)
Unloading 51 unused Assets / (187.6 KB). Loaded Objects now: 5357.
Memory consumption went from 265.3 MB to 265.1 MB.
Total: 8.186699 ms (FindLiveObjects: 0.436766 ms CreateObjectMapping: 0.355499 ms MarkObjects: 7.205329 ms  DeleteObjects: 0.187800 ms)

AssetImportParameters requested are different than current active one (requested -> active):
  custom:video-decoder-ogg-theora: a1e56fd34408186e4bbccfd4996cb3dc -> 
  custom:container-muxer-webm: aa71ff27fc2769a1b78a27578f13a17b -> 
  custom:container-demuxer-webm: 4f35f7cbe854078d1ac9338744f61a02 -> 
  custom:video-encoder-webm-vp8: eb34c28f22e8b96e1ab97ce403110664 -> 
  custom:framework-osx-AVFoundation: e770b220cccbd017edd2c1fefb359320 -> 
  custom:audio-encoder-webm-vorbis: bf7c407c2cedff20999df2af8eb42d56 -> 
  custom:container-demuxer-ogg: 62fdf1f143b41e24485cea50d1cbac27 -> 
  custom:video-decoder-webm-vp8: 9c59270c3fd7afecdb556c50c9e8de78 -> 
  custom:audio-decoder-ogg-vorbis: bf7c407c2cedff20999df2af8eb42d56 -> 
========================================================================
Received Prepare
Shader 'Oculus/OVRMRCameraFrameLit': fallback shader 'Alpha-Diffuse' not found
Refreshing native plugins compatible for Editor in 5.81 ms, found 5 plugins.
Preloading 1 native plugins for Editor in 0.54 ms.
Unloading 51 Unused Serialized files (Serialized files now loaded: 0)
Unloading 51 unused Assets / (187.6 KB). Loaded Objects now: 5357.
Memory consumption went from 265.3 MB to 265.1 MB.
Total: 4.335035 ms (FindLiveObjects: 0.379800 ms CreateObjectMapping: 0.333657 ms MarkObjects: 3.446930 ms  DeleteObjects: 0.173964 ms)

AssetImportParameters requested are different than current active one (requested -> active):
  custom:video-decoder-ogg-theora: a1e56fd34408186e4bbccfd4996cb3dc -> 
  custom:container-muxer-webm: aa71ff27fc2769a1b78a27578f13a17b -> 
  custom:container-demuxer-webm: 4f35f7cbe854078d1ac9338744f61a02 -> 
  custom:video-encoder-webm-vp8: eb34c28f22e8b96e1ab97ce403110664 -> 
  custom:framework-osx-AVFoundation: e770b220cccbd017edd2c1fefb359320 -> 
  custom:audio-encoder-webm-vorbis: bf7c407c2cedff20999df2af8eb42d56 -> 
  custom:container-demuxer-ogg: 62fdf1f143b41e24485cea50d1cbac27 -> 
  custom:video-decoder-webm-vp8: 9c59270c3fd7afecdb556c50c9e8de78 -> 
  custom:audio-decoder-ogg-vorbis: bf7c407c2cedff20999df2af8eb42d56 -> 
========================================================================
Received Prepare
Shader 'Oculus/OVRMRCameraFrameLit': fallback shader 'Alpha-Diffuse' not found
Refreshing native plugins compatible for Editor in 6.36 ms, found 5 plugins.
Preloading 1 native plugins for Editor in 0.58 ms.
Unloading 51 Unused Serialized files (Serialized files now loaded: 0)
Unloading 51 unused Assets / (187.6 KB). Loaded Objects now: 5357.
Memory consumption went from 265.3 MB to 265.1 MB.
Total: 15.195301 ms (FindLiveObjects: 0.445838 ms CreateObjectMapping: 0.365404 ms MarkObjects: 14.107946 ms  DeleteObjects: 0.275092 ms)

AssetImportParameters requested are different than current active one (requested -> active):
  custom:video-decoder-ogg-theora: a1e56fd34408186e4bbccfd4996cb3dc -> 
  custom:container-muxer-webm: aa71ff27fc2769a1b78a27578f13a17b -> 
  custom:container-demuxer-webm: 4f35f7cbe854078d1ac9338744f61a02 -> 
  custom:video-encoder-webm-vp8: eb34c28f22e8b96e1ab97ce403110664 -> 
  custom:framework-osx-AVFoundation: e770b220cccbd017edd2c1fefb359320 -> 
  custom:audio-encoder-webm-vorbis: bf7c407c2cedff20999df2af8eb42d56 -> 
  custom:container-demuxer-ogg: 62fdf1f143b41e24485cea50d1cbac27 -> 
  custom:video-decoder-webm-vp8: 9c59270c3fd7afecdb556c50c9e8de78 -> 
  custom:audio-decoder-ogg-vorbis: bf7c407c2cedff20999df2af8eb42d56 -> 
========================================================================
Received Prepare
Shader 'Oculus/OVRMRCameraFrameLit': fallback shader 'Alpha-Diffuse' not found
Refreshing native plugins compatible for Editor in 5.94 ms, found 5 plugins.
Preloading 1 native plugins for Editor in 0.55 ms.
Unloading 51 Unused Serialized files (Serialized files now loaded: 0)
Unloading 51 unused Assets / (195.0 KB). Loaded Objects now: 5357.
Memory consumption went from 265.3 MB to 265.1 MB.
Total: 15.014828 ms (FindLiveObjects: 0.368004 ms CreateObjectMapping: 0.309450 ms MarkObjects: 14.073215 ms  DeleteObjects: 0.262937 ms)

AssetImportParameters requested are different than current active one (requested -> active):
  custom:video-decoder-ogg-theora: a1e56fd34408186e4bbccfd4996cb3dc -> 
  custom:container-muxer-webm: aa71ff27fc2769a1b78a27578f13a17b -> 
  custom:container-demuxer-webm: 4f35f7cbe854078d1ac9338744f61a02 -> 
  custom:video-encoder-webm-vp8: eb34c28f22e8b96e1ab97ce403110664 -> 
  custom:framework-osx-AVFoundation: e770b220cccbd017edd2c1fefb359320 -> 
  custom:audio-encoder-webm-vorbis: bf7c407c2cedff20999df2af8eb42d56 -> 
  custom:container-demuxer-ogg: 62fdf1f143b41e24485cea50d1cbac27 -> 
  custom:video-decoder-webm-vp8: 9c59270c3fd7afecdb556c50c9e8de78 -> 
  custom:audio-decoder-ogg-vorbis: bf7c407c2cedff20999df2af8eb42d56 -> 
========================================================================
Received Import Request.
  Time since last request: 886.472698 seconds.
  path: Assets/Oculus custom starters
  artifactKey: Guid(758714bf4c473426bbe59c8d16fdb674) Importer(815301076,1909f56bfc062723c751e8b465ee728b)
Start importing Assets/Oculus custom starters using Guid(758714bf4c473426bbe59c8d16fdb674) Importer(815301076,1909f56bfc062723c751e8b465ee728b)  -> (artifact id: '349b08757a0aeaf7052631ce8aa6c7a9') in 0.001420 seconds 
========================================================================
Received Import Request.
  Time since last request: 18.694666 seconds.
  path: Assets/Oculus custom starters/InteractionRigOVR-Basic.prefab
  artifactKey: Guid(6ece0134eae3345fcba0046826307d49) Importer(815301076,1909f56bfc062723c751e8b465ee728b)
Start importing Assets/Oculus custom starters/InteractionRigOVR-Basic.prefab using Guid(6ece0134eae3345fcba0046826307d49) Importer(815301076,1909f56bfc062723c751e8b465ee728b) WARNING: RGBA Compressed ASTC6X6 sRGB format is not supported, decompressing texture
WARNING: RGBA Compressed ASTC6X6 sRGB format is not supported, decompressing texture
WARNING: RGBA Compressed ASTC6X6 sRGB format is not supported, decompressing texture
WARNING: RGBA Compressed ASTC6X6 sRGB format is not supported, decompressing texture
WARNING: RGBA Compressed ASTC6X6 UNorm format is not supported, decompressing texture
WARNING: RGBA Compressed ASTC6X6 sRGB format is not supported, decompressing texture
WARNING: RGBA Compressed ASTC6X6 UNorm format is not supported, decompressing texture
WARNING: RGBA Compressed ASTC6X6 sRGB format is not supported, decompressing texture
Tried select unknown importer for id '-2' '00000000000000000000000000000000'
 -> (artifact id: '43f7070d0ab0c1203efdee1380f23d37') in 0.584600 seconds 
========================================================================
Received Import Request.
  Time since last request: 22.008211 seconds.
  path: Assets/Oculus custom starters/InteractionRigOVR-Basic+Grab+Locomotion.prefab
  artifactKey: Guid(6ece0134eae3345fcba0046826307d49) Importer(815301076,1909f56bfc062723c751e8b465ee728b)
Start importing Assets/Oculus custom starters/InteractionRigOVR-Basic+Grab+Locomotion.prefab using Guid(6ece0134eae3345fcba0046826307d49) Importer(815301076,1909f56bfc062723c751e8b465ee728b) WARNING: RGBA Compressed ASTC6X6 sRGB format is not supported, decompressing texture
WARNING: RGBA Compressed ASTC6X6 sRGB format is not supported, decompressing texture
WARNING: RGBA Compressed ASTC6X6 sRGB format is not supported, decompressing texture
WARNING: RGBA Compressed ASTC6X6 sRGB format is not supported, decompressing texture
WARNING: RGBA Compressed ASTC6X6 UNorm format is not supported, decompressing texture
WARNING: RGBA Compressed ASTC6X6 sRGB format is not supported, decompressing texture
WARNING: RGBA Compressed ASTC6X6 UNorm format is not supported, decompressing texture
WARNING: RGBA Compressed ASTC6X6 sRGB format is not supported, decompressing texture
Tried select unknown importer for id '-2' '00000000000000000000000000000000'
 -> (artifact id: '69a542ed9bde90fb51fd7b9f44faf1e9') in 0.382809 seconds 
========================================================================
Received Import Request.
  Time since last request: 214.543383 seconds.
  path: Assets/Oculus custom starters/SampleScene.unity
  artifactKey: Guid(9fc0d4010bbf28b4594072e72b8655ab) Importer(815301076,1909f56bfc062723c751e8b465ee728b)
Start importing Assets/Oculus custom starters/SampleScene.unity using Guid(9fc0d4010bbf28b4594072e72b8655ab) Importer(815301076,1909f56bfc062723c751e8b465ee728b)  -> (artifact id: 'dfb11a125f2237748106d2a9f7b7db97') in 0.001398 seconds 
========================================================================
Received Import Request.
  Time since last request: 8.833084 seconds.
  path: Assets/Oculus custom starters/DefaultScene.unity
  artifactKey: Guid(9fc0d4010bbf28b4594072e72b8655ab) Importer(815301076,1909f56bfc062723c751e8b465ee728b)
Start importing Assets/Oculus custom starters/DefaultScene.unity using Guid(9fc0d4010bbf28b4594072e72b8655ab) Importer(815301076,1909f56bfc062723c751e8b465ee728b)  -> (artifact id: '90e3139292f441186a2a4b2250a0bc34') in 0.002410 seconds 
========================================================================
Received Import Request.
  Time since last request: 72.556664 seconds.
  path: Assets/Oculus custom starters/DefaultScene.unity
  artifactKey: Guid(9fc0d4010bbf28b4594072e72b8655ab) Importer(815301076,1909f56bfc062723c751e8b465ee728b)
Start importing Assets/Oculus custom starters/DefaultScene.unity using Guid(9fc0d4010bbf28b4594072e72b8655ab) Importer(815301076,1909f56bfc062723c751e8b465ee728b)  -> (artifact id: '9ae4a977517eb5d374b38c9d4fbad98e') in 0.001217 seconds 
========================================================================
Received Import Request.
  Time since last request: 4.085433 seconds.
  path: Assets/Oculus custom starters/LowPolyVillage.unity
  artifactKey: Guid(0116113aab5bd44bb95adc80dbf834ed) Importer(815301076,1909f56bfc062723c751e8b465ee728b)
Start importing Assets/Oculus custom starters/LowPolyVillage.unity using Guid(0116113aab5bd44bb95adc80dbf834ed) Importer(815301076,1909f56bfc062723c751e8b465ee728b)  -> (artifact id: '78ea691d503d49987e3b494b5fe1afce') in 0.002281 seconds 
========================================================================
Received Import Request.
  Time since last request: 38.181319 seconds.
  path: Assets/Low_Poly_Mini_Village/Demo_scene
  artifactKey: Guid(131b25c1ba219c245ad448a5fa36f0c2) Importer(815301076,1909f56bfc062723c751e8b465ee728b)
Start importing Assets/Low_Poly_Mini_Village/Demo_scene using Guid(131b25c1ba219c245ad448a5fa36f0c2) Importer(815301076,1909f56bfc062723c751e8b465ee728b)  -> (artifact id: 'edc4b8374af93a223a4308548c6fc66d') in 0.002280 seconds 
========================================================================
Received Import Request.
  Time since last request: 2.588411 seconds.
  path: Assets/Low_Poly_Mini_Village/Demo_scene/Demo.unity
  artifactKey: Guid(9281df55f3f96d3469f1b6ed4b26e93d) Importer(815301076,1909f56bfc062723c751e8b465ee728b)
Start importing Assets/Low_Poly_Mini_Village/Demo_scene/Demo.unity using Guid(9281df55f3f96d3469f1b6ed4b26e93d) Importer(815301076,1909f56bfc062723c751e8b465ee728b)  -> (artifact id: '2488fd006a99068e4201c9409433efed') in 0.001584 seconds 
========================================================================
Received Prepare
Shader 'Oculus/OVRMRCameraFrameLit': fallback shader 'Alpha-Diffuse' not found
Refreshing native plugins compatible for Editor in 19.75 ms, found 5 plugins.
Preloading 1 native plugins for Editor in 0.49 ms.
Unloading 51 Unused Serialized files (Serialized files now loaded: 0)
Unloading 51 unused Assets / (189.4 KB). Loaded Objects now: 5360.
Memory consumption went from 289.4 MB to 289.2 MB.
Total: 4.075818 ms (FindLiveObjects: 0.365307 ms CreateObjectMapping: 0.299824 ms MarkObjects: 3.222051 ms  DeleteObjects: 0.187813 ms)

AssetImportParameters requested are different than current active one (requested -> active):
  custom:video-decoder-ogg-theora: a1e56fd34408186e4bbccfd4996cb3dc -> 
  custom:container-muxer-webm: aa71ff27fc2769a1b78a27578f13a17b -> 
  custom:container-demuxer-webm: 4f35f7cbe854078d1ac9338744f61a02 -> 
  custom:video-encoder-webm-vp8: eb34c28f22e8b96e1ab97ce403110664 -> 
  custom:framework-osx-AVFoundation: e770b220cccbd017edd2c1fefb359320 -> 
  custom:audio-encoder-webm-vorbis: bf7c407c2cedff20999df2af8eb42d56 -> 
  custom:container-demuxer-ogg: 62fdf1f143b41e24485cea50d1cbac27 -> 
  custom:video-decoder-webm-vp8: 9c59270c3fd7afecdb556c50c9e8de78 -> 
  custom:audio-decoder-ogg-vorbis: bf7c407c2cedff20999df2af8eb42d56 -> 
========================================================================
Received Prepare
Shader 'Oculus/OVRMRCameraFrameLit': fallback shader 'Alpha-Diffuse' not found
Refreshing native plugins compatible for Editor in 5.41 ms, found 5 plugins.
Preloading 1 native plugins for Editor in 0.52 ms.
Unloading 51 Unused Serialized files (Serialized files now loaded: 0)
Unloading 51 unused Assets / (195.6 KB). Loaded Objects now: 5360.
Memory consumption went from 289.4 MB to 289.2 MB.
Total: 4.573995 ms (FindLiveObjects: 0.386055 ms CreateObjectMapping: 0.337605 ms MarkObjects: 3.669905 ms  DeleteObjects: 0.179853 ms)

AssetImportParameters requested are different than current active one (requested -> active):
  custom:video-decoder-ogg-theora: a1e56fd34408186e4bbccfd4996cb3dc -> 
  custom:container-muxer-webm: aa71ff27fc2769a1b78a27578f13a17b -> 
  custom:container-demuxer-webm: 4f35f7cbe854078d1ac9338744f61a02 -> 
  custom:video-encoder-webm-vp8: eb34c28f22e8b96e1ab97ce403110664 -> 
  custom:framework-osx-AVFoundation: e770b220cccbd017edd2c1fefb359320 -> 
  custom:audio-encoder-webm-vorbis: bf7c407c2cedff20999df2af8eb42d56 -> 
  custom:container-demuxer-ogg: 62fdf1f143b41e24485cea50d1cbac27 -> 
  custom:video-decoder-webm-vp8: 9c59270c3fd7afecdb556c50c9e8de78 -> 
  custom:audio-decoder-ogg-vorbis: bf7c407c2cedff20999df2af8eb42d56 -> 
========================================================================
Received Import Request.
  Time since last request: 648.813686 seconds.
  path: Assets/Oculus custom starters/LowPolyVillage.unity
  artifactKey: Guid(0116113aab5bd44bb95adc80dbf834ed) Importer(815301076,1909f56bfc062723c751e8b465ee728b)
Start importing Assets/Oculus custom starters/LowPolyVillage.unity using Guid(0116113aab5bd44bb95adc80dbf834ed) Importer(815301076,1909f56bfc062723c751e8b465ee728b)  -> (artifact id: '942f74e8dd3071420ff36bf0dd03c685') in 0.000923 seconds 
========================================================================
Received Import Request.
  Time since last request: 12.127399 seconds.
  path: Assets/Oculus custom starters/Demo.unity
  artifactKey: Guid(9281df55f3f96d3469f1b6ed4b26e93d) Importer(815301076,1909f56bfc062723c751e8b465ee728b)
Start importing Assets/Oculus custom starters/Demo.unity using Guid(9281df55f3f96d3469f1b6ed4b26e93d) Importer(815301076,1909f56bfc062723c751e8b465ee728b)  -> (artifact id: '0a23cada496a439401a3a53a26f9bfcf') in 0.017924 seconds 
========================================================================
Received Import Request.
  Time since last request: 31.650654 seconds.
  path: Assets/Oculus custom starters/DemoCourtyard.unity
  artifactKey: Guid(bedcc5e2258e846818d77acc2bcfef06) Importer(815301076,1909f56bfc062723c751e8b465ee728b)
Start importing Assets/Oculus custom starters/DemoCourtyard.unity using Guid(bedcc5e2258e846818d77acc2bcfef06) Importer(815301076,1909f56bfc062723c751e8b465ee728b)  -> (artifact id: 'a864165b978bf756fb97eb78aa31e7d1') in 0.002013 seconds 
========================================================================
Received Import Request.
  Time since last request: 7.438112 seconds.
  path: Assets/Oculus custom starters/DemoLowPolyVillage.unity
  artifactKey: Guid(9281df55f3f96d3469f1b6ed4b26e93d) Importer(815301076,1909f56bfc062723c751e8b465ee728b)
Start importing Assets/Oculus custom starters/DemoLowPolyVillage.unity using Guid(9281df55f3f96d3469f1b6ed4b26e93d) Importer(815301076,1909f56bfc062723c751e8b465ee728b)  -> (artifact id: '2d573c662745de924c3485a77d42c574') in 0.001704 seconds 
========================================================================
Received Import Request.
  Time since last request: 15.262799 seconds.
  path: Assets/Oculus custom starters/DemoCourtyard.unity
  artifactKey: Guid(bedcc5e2258e846818d77acc2bcfef06) Importer(815301076,1909f56bfc062723c751e8b465ee728b)
Start importing Assets/Oculus custom starters/DemoCourtyard.unity using Guid(bedcc5e2258e846818d77acc2bcfef06) Importer(815301076,1909f56bfc062723c751e8b465ee728b)  -> (artifact id: '2001f2b7e518f35c7e3ad3086dd0e313') in 0.001570 seconds 
========================================================================
Received Import Request.
  Time since last request: 1510.301273 seconds.
  path: Assets/Oculus/Voice/Lib/Wit.ai/Lib/Conduit/Runtime/Data/Manifest.cs
  artifactKey: Guid(2a055042a4a73484bae8e97b47ef15d6) Importer(815301076,1909f56bfc062723c751e8b465ee728b)
Start importing Assets/Oculus/Voice/Lib/Wit.ai/Lib/Conduit/Runtime/Data/Manifest.cs using Guid(2a055042a4a73484bae8e97b47ef15d6) Importer(815301076,1909f56bfc062723c751e8b465ee728b)  -> (artifact id: 'b2c21ae288f3f21fb1a8161048e37b25') in 0.008073 seconds 
